<?xml version="1.0" encoding="UTF-8"?>
<!-- Generated by org.testng.reporters.JUnitXMLReporter -->
<testsuite ignored="0" hostname="LMYPF1HJKSM" failures="0" tests="9" name="Default test" time="14.657" errors="0" timestamp="2021-08-07T23:44:16 SGT">
  <testcase classname="TestNGPkg.TestNGPractice1" name="openURL" time="3.088"/>
  <testcase classname="TestNGPkg.TestNGPractice1" name="keyInFirstName" time="0.108"/>
  <testcase classname="TestNGPkg.TestNGPractice1" name="keyInLastName" time="0.114"/>
  <testcase classname="TestNGPkg.TestNGPractice1" name="keyInEmail" time="0.141"/>
  <testcase classname="TestNGPkg.TestNGPractice1" name="keyInPhno" time="0.154"/>
  <testcase classname="TestNGPkg.TestNGPractice1" name="keyInPwd" time="0.097"/>
  <testcase classname="TestNGPkg.TestNGPractice1" name="keyInConfirmPwd" time="0.084"/>
  <testcase classname="TestNGPkg.TestNGPractice1" name="policy" time="0.077"/>
  <testcase classname="TestNGPkg.TestNGPractice1" name="submit" time="0.067"/>
</testsuite> <!-- Default test -->
